TN:
SF:lib/src/timer/TimedEventManager.ts
FN:15,TimedEventManager
FN:21,requestStart
FN:40,requestStop
FNF:3
FNH:2
FNDA:1,TimedEventManager
FNDA:1,requestStart
FNDA:0,requestStop
DA:1,1
DA:2,1
DA:3,1
DA:4,1
DA:5,1
DA:6,1
DA:7,1
DA:8,1
DA:9,1
DA:10,1
DA:11,1
DA:12,1
DA:13,1
DA:14,1
DA:15,1
DA:16,1
DA:17,1
DA:18,1
DA:19,1
DA:20,1
DA:21,1
DA:22,1
DA:23,0
DA:24,0
DA:25,0
DA:26,1
DA:27,1
DA:28,1
DA:29,1
DA:30,1
DA:31,0
DA:32,0
DA:33,1
DA:34,1
DA:35,0
DA:36,1
DA:37,1
DA:38,1
DA:39,1
DA:40,1
DA:41,0
DA:42,0
DA:43,0
DA:44,0
DA:45,0
DA:46,0
DA:47,0
DA:48,0
DA:49,0
DA:50,0
DA:51,0
DA:52,1
DA:53,1
DA:54,1
LF:54
LH:37
BRDA:15,0,0,1
BRDA:21,1,0,1
BRDA:22,2,0,0
BRDA:30,3,0,0
BRF:4
BRH:2
end_of_record
